<?xml version="1.0" encoding="UTF-8"?>
<robot generator="Robot 4.1.3 (Python 3.10.1 on win32)" generated="20211221 17:23:48.564" rpa="false" schemaversion="2">
<suite id="s1" name="TestSitePractice" source="C:\Users\leonardo.alves\Documents\Estudos\Curso Robot Básico Udemy\SuiteSiteTestePractice\tests\TestSitePractice.robot">
<test id="s1-t1" name="Caso de Teste 01: Pesquisar produto existente">
<kw name="Abrir navegador" library="Resource" type="SETUP">
<kw name="Open Browser" library="SeleniumLibrary">
<arg>about:blank</arg>
<arg>${BROWSER}</arg>
<doc>Opens a new browser instance to the optional ``url``.</doc>
<msg timestamp="20211221 17:23:48.956" level="INFO">Opening browser 'chrome' to base url 'about:blank'.</msg>
<status status="PASS" starttime="20211221 17:23:48.955" endtime="20211221 17:23:50.874"/>
</kw>
<status status="PASS" starttime="20211221 17:23:48.955" endtime="20211221 17:23:50.875"/>
</kw>
<kw name="Acessar a página home do site" library="Resource">
<kw name="Go To" library="SeleniumLibrary">
<arg>${URL}</arg>
<doc>Navigates the current browser window to the provided ``url``.</doc>
<msg timestamp="20211221 17:23:50.878" level="INFO">Opening url 'http://automationpractice.com'</msg>
<status status="PASS" starttime="20211221 17:23:50.877" endtime="20211221 17:23:56.332"/>
</kw>
<kw name="Title Should Be" library="SeleniumLibrary">
<arg>My Store</arg>
<doc>Verifies that the current page title equals ``title``.</doc>
<msg timestamp="20211221 17:23:56.349" level="INFO">Page title is 'My Store'.</msg>
<status status="PASS" starttime="20211221 17:23:56.332" endtime="20211221 17:23:56.349"/>
</kw>
<status status="PASS" starttime="20211221 17:23:50.876" endtime="20211221 17:23:56.349"/>
</kw>
<kw name="Digitar o nome do produto &quot;Blouse&quot; no campo de pesquisa" library="Resource" sourcename="Digitar o nome do produto &quot;${PRODUTO}&quot; no campo de pesquisa">
<kw name="Input Text" library="SeleniumLibrary">
<arg>name=search_query</arg>
<arg>${PRODUTO}</arg>
<doc>Types the given ``text`` into the text field identified by ``locator``.</doc>
<msg timestamp="20211221 17:23:56.350" level="INFO">Typing text 'Blouse' into text field 'name=search_query'.</msg>
<status status="PASS" starttime="20211221 17:23:56.350" endtime="20211221 17:23:56.448"/>
</kw>
<status status="PASS" starttime="20211221 17:23:56.350" endtime="20211221 17:23:56.448"/>
</kw>
<kw name="Clicar no botão pesquisar" library="Resource">
<kw name="Click Element" library="SeleniumLibrary">
<arg>name=submit_search</arg>
<doc>Click the element identified by ``locator``.</doc>
<msg timestamp="20211221 17:23:56.450" level="INFO">Clicking element 'name=submit_search'.</msg>
<status status="PASS" starttime="20211221 17:23:56.449" endtime="20211221 17:23:57.816"/>
</kw>
<status status="PASS" starttime="20211221 17:23:56.449" endtime="20211221 17:23:57.816"/>
</kw>
<kw name="Conferir se o produto &quot;Blouse&quot; foi listado no site" library="Resource" sourcename="Conferir se o produto &quot;${PRODUTO}&quot; foi listado no site">
<kw name="Wait Until Element Is Visible" library="SeleniumLibrary">
<arg>css=#center_column &gt; h1</arg>
<doc>Waits until the element ``locator`` is visible.</doc>
<status status="PASS" starttime="20211221 17:23:57.817" endtime="20211221 17:23:57.848"/>
</kw>
<kw name="Title Should Be" library="SeleniumLibrary">
<arg>Search - My Store</arg>
<doc>Verifies that the current page title equals ``title``.</doc>
<msg timestamp="20211221 17:23:57.856" level="INFO">Page title is 'Search - My Store'.</msg>
<status status="PASS" starttime="20211221 17:23:57.848" endtime="20211221 17:23:57.856"/>
</kw>
<kw name="Page Should Contain Image" library="SeleniumLibrary">
<arg>xpath=//*[@id="center_column"]//*[@src='http://automationpractice.com/img/p/7/7-home_default.jpg']</arg>
<doc>Verifies image identified by ``locator`` is found from current page.</doc>
<msg timestamp="20211221 17:23:57.887" level="INFO">Current page contains image 'xpath=//*[@id="center_column"]//*[@src='http://automationpractice.com/img/p/7/7-home_default.jpg']'.</msg>
<status status="PASS" starttime="20211221 17:23:57.856" endtime="20211221 17:23:57.887"/>
</kw>
<kw name="Page Should Contain Link" library="SeleniumLibrary">
<arg>xpath=//*[@id="center_column"]//a[@class="product-name"][contains(text(),"${PRODUTO}")]</arg>
<doc>Verifies link identified by ``locator`` is found from current page.</doc>
<msg timestamp="20211221 17:23:57.914" level="INFO">Current page contains link 'xpath=//*[@id="center_column"]//a[@class="product-name"][contains(text(),"Blouse")]'.</msg>
<status status="PASS" starttime="20211221 17:23:57.887" endtime="20211221 17:23:57.915"/>
</kw>
<status status="PASS" starttime="20211221 17:23:57.817" endtime="20211221 17:23:57.915"/>
</kw>
<kw name="Fechar navegador" library="Resource" type="TEARDOWN">
<kw name="Close Browser" library="SeleniumLibrary">
<doc>Closes the current browser.</doc>
<status status="PASS" starttime="20211221 17:23:57.917" endtime="20211221 17:24:00.137"/>
</kw>
<status status="PASS" starttime="20211221 17:23:57.916" endtime="20211221 17:24:00.138"/>
</kw>
<status status="PASS" starttime="20211221 17:23:48.954" endtime="20211221 17:24:00.138"/>
</test>
<test id="s1-t2" name="Caso de Teste 02: Pesquisar produto não existente">
<kw name="Abrir navegador" library="Resource" type="SETUP">
<kw name="Open Browser" library="SeleniumLibrary">
<arg>about:blank</arg>
<arg>${BROWSER}</arg>
<doc>Opens a new browser instance to the optional ``url``.</doc>
<msg timestamp="20211221 17:24:00.142" level="INFO">Opening browser 'chrome' to base url 'about:blank'.</msg>
<status status="PASS" starttime="20211221 17:24:00.141" endtime="20211221 17:24:02.196"/>
</kw>
<status status="PASS" starttime="20211221 17:24:00.141" endtime="20211221 17:24:02.196"/>
</kw>
<kw name="Acessar a página home do site" library="Resource">
<kw name="Go To" library="SeleniumLibrary">
<arg>${URL}</arg>
<doc>Navigates the current browser window to the provided ``url``.</doc>
<msg timestamp="20211221 17:24:02.200" level="INFO">Opening url 'http://automationpractice.com'</msg>
<status status="PASS" starttime="20211221 17:24:02.200" endtime="20211221 17:24:07.527"/>
</kw>
<kw name="Title Should Be" library="SeleniumLibrary">
<arg>My Store</arg>
<doc>Verifies that the current page title equals ``title``.</doc>
<msg timestamp="20211221 17:24:07.552" level="INFO">Page title is 'My Store'.</msg>
<status status="PASS" starttime="20211221 17:24:07.527" endtime="20211221 17:24:07.552"/>
</kw>
<status status="PASS" starttime="20211221 17:24:02.199" endtime="20211221 17:24:07.552"/>
</kw>
<kw name="Digitar o nome do produto &quot;itemNaoExistente&quot; no campo de pesquisa" library="Resource" sourcename="Digitar o nome do produto &quot;${PRODUTO}&quot; no campo de pesquisa">
<kw name="Input Text" library="SeleniumLibrary">
<arg>name=search_query</arg>
<arg>${PRODUTO}</arg>
<doc>Types the given ``text`` into the text field identified by ``locator``.</doc>
<msg timestamp="20211221 17:24:07.555" level="INFO">Typing text 'itemNaoExistente' into text field 'name=search_query'.</msg>
<status status="PASS" starttime="20211221 17:24:07.554" endtime="20211221 17:24:07.667"/>
</kw>
<status status="PASS" starttime="20211221 17:24:07.553" endtime="20211221 17:24:07.667"/>
</kw>
<kw name="Clicar no botão pesquisar" library="Resource">
<kw name="Click Element" library="SeleniumLibrary">
<arg>name=submit_search</arg>
<doc>Click the element identified by ``locator``.</doc>
<msg timestamp="20211221 17:24:07.669" level="INFO">Clicking element 'name=submit_search'.</msg>
<status status="PASS" starttime="20211221 17:24:07.669" endtime="20211221 17:24:09.368"/>
</kw>
<status status="PASS" starttime="20211221 17:24:07.668" endtime="20211221 17:24:09.368"/>
</kw>
<kw name="Conferir mensagem de erro &quot;No results were found for your search &quot;itemNaoExistente&quot;&quot;" library="Resource" sourcename="Conferir mensagem de erro &quot;${MENSAGEM_ALERTA}&quot;">
<kw name="Wait Until Element Is Visible" library="SeleniumLibrary">
<arg>xpath=//*[@id="center_column"]/p[@class='alert alert-warning']</arg>
<doc>Waits until the element ``locator`` is visible.</doc>
<status status="PASS" starttime="20211221 17:24:09.370" endtime="20211221 17:24:09.398"/>
</kw>
<kw name="Element Text Should Be" library="SeleniumLibrary">
<arg>xpath=//*[@id="center_column"]/p[@class='alert alert-warning']</arg>
<arg>${MENSAGEM_ALERTA}</arg>
<doc>Verifies that element ``locator`` contains exact the text ``expected``.</doc>
<msg timestamp="20211221 17:24:09.399" level="INFO">Verifying element 'xpath=//*[@id="center_column"]/p[@class='alert alert-warning']' contains exact text 'No results were found for your search "itemNaoExistente"'.</msg>
<status status="PASS" starttime="20211221 17:24:09.398" endtime="20211221 17:24:09.425"/>
</kw>
<status status="PASS" starttime="20211221 17:24:09.369" endtime="20211221 17:24:09.425"/>
</kw>
<kw name="Fechar navegador" library="Resource" type="TEARDOWN">
<kw name="Close Browser" library="SeleniumLibrary">
<doc>Closes the current browser.</doc>
<status status="PASS" starttime="20211221 17:24:09.426" endtime="20211221 17:24:11.672"/>
</kw>
<status status="PASS" starttime="20211221 17:24:09.426" endtime="20211221 17:24:11.673"/>
</kw>
<status status="PASS" starttime="20211221 17:24:00.140" endtime="20211221 17:24:11.674"/>
</test>
<status status="PASS" starttime="20211221 17:23:48.568" endtime="20211221 17:24:11.677"/>
</suite>
<statistics>
<total>
<stat pass="2" fail="0" skip="0">All Tests</stat>
</total>
<tag>
</tag>
<suite>
<stat pass="2" fail="0" skip="0" id="s1" name="TestSitePractice">TestSitePractice</stat>
</suite>
</statistics>
<errors>
</errors>
</robot>
